[debug] [2018-02-02T15:32:04.590Z] ----------------------------------------------------------------------
[debug] [2018-02-02T15:32:04.595Z] Command:       C:\Program Files\nodejs\node.exe C:\Users\Taha\AppData\Roaming\npm\node_modules\firebase-tools\bin\firebase deploy
[debug] [2018-02-02T15:32:04.596Z] CLI Version:   3.15.0
[debug] [2018-02-02T15:32:04.596Z] Platform:      win32
[debug] [2018-02-02T15:32:04.596Z] Node Version:  v8.8.0
[debug] [2018-02-02T15:32:04.597Z] Time:          Fri Feb 02 2018 20:32:04 GMT+0500 (Pakistan Standard Time)
[debug] [2018-02-02T15:32:04.597Z] ----------------------------------------------------------------------
[debug] 
[debug] [2018-02-02T15:32:04.619Z] > command requires scopes: ["email","openid","https://www.googleapis.com/auth/cloudplatformprojects.readonly","https://www.googleapis.com/auth/firebase","https://www.googleapis.com/auth/cloud-platform"]
[debug] [2018-02-02T15:32:04.620Z] > authorizing via signed-in user
[debug] [2018-02-02T15:32:04.623Z] > refreshing access token with scopes: ["email","https://www.googleapis.com/auth/cloud-platform","https://www.googleapis.com/auth/cloudplatformprojects.readonly","https://www.googleapis.com/auth/firebase","openid"]
[debug] [2018-02-02T15:32:04.623Z] >>> HTTP REQUEST POST https://www.googleapis.com/oauth2/v3/token { refresh_token: '1/p3cMrFg4HM8fegoH52voQBRudvxoWrJvq1piMIR3E3w',
  client_id: '563584335869-fgrhgmd47bqnekij5i8b5pr03ho849e6.apps.googleusercontent.com',
  client_secret: 'j9iVZfS8kkCEFUPaAeJV0sAi',
  grant_type: 'refresh_token',
  scope: 'email https://www.googleapis.com/auth/cloud-platform https://www.googleapis.com/auth/cloudplatformprojects.readonly https://www.googleapis.com/auth/firebase openid' } 
 Fri Feb 02 2018 20:32:04 GMT+0500 (Pakistan Standard Time)
[debug] [2018-02-02T15:32:05.323Z] <<< HTTP RESPONSE 200
[debug] [2018-02-02T15:32:05.362Z] >>> HTTP REQUEST GET https://admin.firebase.com/v1/projects/ticktalk-the-chat-app  
 Fri Feb 02 2018 20:32:05 GMT+0500 (Pakistan Standard Time)
[debug] [2018-02-02T15:32:07.248Z] <<< HTTP RESPONSE 200
[debug] [2018-02-02T15:32:07.251Z] >>> HTTP REQUEST GET https://admin.firebase.com/v1/database/ticktalk-the-chat-app/tokens  
 Fri Feb 02 2018 20:32:07 GMT+0500 (Pakistan Standard Time)
[debug] [2018-02-02T15:32:08.288Z] <<< HTTP RESPONSE 200
